Using pre-set license
Built from '2021.1/staging' branch; Version is '2021.1.3f1 (4bef613afd59) revision 4976481'; Using compiler version '192528614'; Build Type 'Release'
OS: 'Windows 10 Education; OS build 19045.2965; Version 2009; 64bit' Language: 'en' Physical Memory: 32726 MB
BatchMode: 1, IsHumanControllingUs: 0, StartBugReporterOnCrash: 0, Is64bit: 1, IsPro: 0

 COMMAND LINE ARGUMENTS:
C:\Program Files\Unity\Hub\Editor\2021.1.3f1\Editor\Unity.exe
-adb2
-batchMode
-noUpm
-name
AssetImportWorker0
-projectPath
C:/Users/marcus.wheatley/Documents/Repo/CardGame/Card Game Project
-logFile
Logs/AssetImportWorker0.log
-srvPort
49595
Successfully changed project path to: C:/Users/marcus.wheatley/Documents/Repo/CardGame/Card Game Project
C:/Users/marcus.wheatley/Documents/Repo/CardGame/Card Game Project
Using Asset Import Pipeline V2.
Refreshing native plugins compatible for Editor in 89.87 ms, found 2 plugins.
Preloading 0 native plugins for Editor in 0.00 ms.
Initialize engine version: 2021.1.3f1 (4bef613afd59)
[Subsystems] Discovering subsystems at path C:/Program Files/Unity/Hub/Editor/2021.1.3f1/Editor/Data/Resources/UnitySubsystems
[Subsystems] Discovering subsystems at path C:/Users/marcus.wheatley/Documents/Repo/CardGame/Card Game Project/Assets
GfxDevice: creating device client; threaded=0; jobified=0
Direct3D:
    Version:  Direct3D 11.0 [level 11.1]
    Renderer: NVIDIA GeForce GTX 1060 6GB (ID=0x1c03)
    Vendor:   NVIDIA
    VRAM:     6052 MB
    Driver:   31.0.15.1694
Initialize mono
Mono path[0] = 'C:/Program Files/Unity/Hub/Editor/2021.1.3f1/Editor/Data/Managed'
Mono path[1] = 'C:/Program Files/Unity/Hub/Editor/2021.1.3f1/Editor/Data/MonoBleedingEdge/lib/mono/unityjit'
Mono config path = 'C:/Program Files/Unity/Hub/Editor/2021.1.3f1/Editor/Data/MonoBleedingEdge/etc'
Using monoOptions --debugger-agent=transport=dt_socket,embedding=1,server=y,suspend=n,address=127.0.0.1:56972
Begin MonoManager ReloadAssembly
Registering precompiled unity dll's ...
Register platform support module: C:/Program Files/Unity/Hub/Editor/2021.1.3f1/Editor/Data/PlaybackEngines/WindowsStandaloneSupport/UnityEditor.WindowsStandalone.Extensions.dll
Registered in 0.001861 seconds.
Native extension for WindowsStandalone target not found
Refreshing native plugins compatible for Editor in 94.70 ms, found 2 plugins.
Preloading 0 native plugins for Editor in 0.00 ms.
Mono: successfully reloaded assembly
- Completed reload, in  1.133 seconds
Platform modules already initialized, skipping
Registering precompiled user dll's ...
Registered in 0.003461 seconds.
Begin MonoManager ReloadAssembly
Native extension for WindowsStandalone target not found
Refreshing native plugins compatible for Editor in 88.62 ms, found 2 plugins.
Preloading 0 native plugins for Editor in 0.00 ms.
Mono: successfully reloaded assembly
- Completed reload, in  1.045 seconds
Platform modules already initialized, skipping
========================================================================
Worker process is ready to serve import requests
Launched and connected shader compiler UnityShaderCompiler.exe after 0.04 seconds
Refreshing native plugins compatible for Editor in 0.56 ms, found 2 plugins.
Preloading 0 native plugins for Editor in 0.00 ms.
Unloading 3370 Unused Serialized files (Serialized files now loaded: 0)
System memory in use before: 127.9 MB.
System memory in use after: 127.9 MB.

Unloading 29 unused Assets to reduce memory usage. Loaded Objects now: 3822.
Total: 2.960000 ms (FindLiveObjects: 0.359800 ms CreateObjectMapping: 0.504700 ms MarkObjects: 1.955900 ms  DeleteObjects: 0.138600 ms)

========================================================================
Received Import Request.
  path: Assets
  artifactKey: Guid(00000000000000001000000000000000) Importer(815301076,1909f56bfc062723c751e8b465ee728b)
Start importing Assets using Guid(00000000000000001000000000000000) Importer(815301076,1909f56bfc062723c751e8b465ee728b)  -> (artifact id: 'efcc68737208a1d7a8581e190ec11b99') in 0.010850 seconds 
========================================================================
Received Import Request.
  Time since last request: 3.072370 seconds.
  path: Assets/Card.cs
  artifactKey: Guid(11ca01204b14b8d49811dfd9b09651a0) Importer(815301076,1909f56bfc062723c751e8b465ee728b)
Start importing Assets/Card.cs using Guid(11ca01204b14b8d49811dfd9b09651a0) Importer(815301076,1909f56bfc062723c751e8b465ee728b)  -> (artifact id: '578c158d765622993232b2a4887facbf') in 0.035008 seconds 
========================================================================
Received Prepare
Registering precompiled user dll's ...
Registered in 0.003121 seconds.
Begin MonoManager ReloadAssembly
Native extension for WindowsStandalone target not found
Refreshing native plugins compatible for Editor in 0.58 ms, found 2 plugins.
Preloading 0 native plugins for Editor in 0.00 ms.
Mono: successfully reloaded assembly
- Completed reload, in  0.947 seconds
Platform modules already initialized, skipping
Refreshing native plugins compatible for Editor in 0.56 ms, found 2 plugins.
Preloading 0 native plugins for Editor in 0.00 ms.
Unloading 3366 Unused Serialized files (Serialized files now loaded: 0)
System memory in use before: 127.9 MB.
System memory in use after: 128.0 MB.

Unloading 17 unused Assets to reduce memory usage. Loaded Objects now: 3827.
Total: 2.668700 ms (FindLiveObjects: 0.228000 ms CreateObjectMapping: 0.132400 ms MarkObjects: 2.181600 ms  DeleteObjects: 0.125200 ms)

========================================================================
Received Prepare
Registering precompiled user dll's ...
Registered in 0.003126 seconds.
Begin MonoManager ReloadAssembly
Native extension for WindowsStandalone target not found
Refreshing native plugins compatible for Editor in 0.55 ms, found 2 plugins.
Preloading 0 native plugins for Editor in 0.00 ms.
Mono: successfully reloaded assembly
- Completed reload, in  0.947 seconds
Platform modules already initialized, skipping
Refreshing native plugins compatible for Editor in 0.56 ms, found 2 plugins.
Preloading 0 native plugins for Editor in 0.00 ms.
Unloading 3366 Unused Serialized files (Serialized files now loaded: 0)
System memory in use before: 128.0 MB.
System memory in use after: 128.1 MB.

Unloading 17 unused Assets to reduce memory usage. Loaded Objects now: 3831.
Total: 2.531300 ms (FindLiveObjects: 0.275900 ms CreateObjectMapping: 0.219200 ms MarkObjects: 1.919200 ms  DeleteObjects: 0.116100 ms)

========================================================================
Received Import Request.
  Time since last request: 459.723231 seconds.
  path: Assets/Card.cs
  artifactKey: Guid(11ca01204b14b8d49811dfd9b09651a0) Importer(815301076,1909f56bfc062723c751e8b465ee728b)
Start importing Assets/Card.cs using Guid(11ca01204b14b8d49811dfd9b09651a0) Importer(815301076,1909f56bfc062723c751e8b465ee728b)  -> (artifact id: '11d8d08e8234e6ee7d2b51359cbca526') in 0.005164 seconds 
========================================================================
Received Prepare
Registering precompiled user dll's ...
Registered in 0.003277 seconds.
Begin MonoManager ReloadAssembly
Native extension for WindowsStandalone target not found
Refreshing native plugins compatible for Editor in 0.61 ms, found 2 plugins.
Preloading 0 native plugins for Editor in 0.00 ms.
Mono: successfully reloaded assembly
- Completed reload, in  0.934 seconds
Platform modules already initialized, skipping
Refreshing native plugins compatible for Editor in 0.60 ms, found 2 plugins.
Preloading 0 native plugins for Editor in 0.00 ms.
Unloading 3366 Unused Serialized files (Serialized files now loaded: 0)
System memory in use before: 128.0 MB.
System memory in use after: 128.1 MB.

Unloading 17 unused Assets to reduce memory usage. Loaded Objects now: 3835.
Total: 2.850700 ms (FindLiveObjects: 0.367500 ms CreateObjectMapping: 0.167000 ms MarkObjects: 2.198200 ms  DeleteObjects: 0.116900 ms)

========================================================================
Received Import Request.
  Time since last request: 82.867579 seconds.
  path: Assets/Monster.cs
  artifactKey: Guid(e0e8172954589ec48bb60f32f240b2fd) Importer(815301076,1909f56bfc062723c751e8b465ee728b)
Start importing Assets/Monster.cs using Guid(e0e8172954589ec48bb60f32f240b2fd) Importer(815301076,1909f56bfc062723c751e8b465ee728b)  -> (artifact id: '5c0cd540046f43a24090e0de6f910bec') in 0.012972 seconds 
========================================================================
Received Prepare
Registering precompiled user dll's ...
Registered in 0.003193 seconds.
Begin MonoManager ReloadAssembly
Native extension for WindowsStandalone target not found
Refreshing native plugins compatible for Editor in 0.60 ms, found 2 plugins.
Preloading 0 native plugins for Editor in 0.00 ms.
Mono: successfully reloaded assembly
- Completed reload, in  0.920 seconds
Platform modules already initialized, skipping
Refreshing native plugins compatible for Editor in 0.60 ms, found 2 plugins.
Preloading 0 native plugins for Editor in 0.00 ms.
Unloading 3367 Unused Serialized files (Serialized files now loaded: 0)
System memory in use before: 128.0 MB.
System memory in use after: 128.1 MB.

Unloading 17 unused Assets to reduce memory usage. Loaded Objects now: 3840.
Total: 3.324000 ms (FindLiveObjects: 0.561400 ms CreateObjectMapping: 0.380600 ms MarkObjects: 2.268300 ms  DeleteObjects: 0.112100 ms)

========================================================================
Received Prepare
Registering precompiled user dll's ...
Registered in 0.003277 seconds.
Begin MonoManager ReloadAssembly
Native extension for WindowsStandalone target not found
Refreshing native plugins compatible for Editor in 0.54 ms, found 2 plugins.
Preloading 0 native plugins for Editor in 0.00 ms.
Mono: successfully reloaded assembly
- Completed reload, in  0.914 seconds
Platform modules already initialized, skipping
Refreshing native plugins compatible for Editor in 0.57 ms, found 2 plugins.
Preloading 0 native plugins for Editor in 0.00 ms.
Unloading 3367 Unused Serialized files (Serialized files now loaded: 0)
System memory in use before: 128.1 MB.
System memory in use after: 128.2 MB.

Unloading 17 unused Assets to reduce memory usage. Loaded Objects now: 3844.
Total: 3.042300 ms (FindLiveObjects: 0.298300 ms CreateObjectMapping: 0.206300 ms MarkObjects: 2.436500 ms  DeleteObjects: 0.100000 ms)

========================================================================
Received Import Request.
  Time since last request: 176.656728 seconds.
  path: Assets/Monster.cs
  artifactKey: Guid(e0e8172954589ec48bb60f32f240b2fd) Importer(815301076,1909f56bfc062723c751e8b465ee728b)
Start importing Assets/Monster.cs using Guid(e0e8172954589ec48bb60f32f240b2fd) Importer(815301076,1909f56bfc062723c751e8b465ee728b)  -> (artifact id: '4c5f4ae876261c9f6a37b9c47b567024') in 0.005128 seconds 
========================================================================
Received Prepare
Registering precompiled user dll's ...
Registered in 0.003148 seconds.
Begin MonoManager ReloadAssembly
Native extension for WindowsStandalone target not found
Refreshing native plugins compatible for Editor in 0.58 ms, found 2 plugins.
Preloading 0 native plugins for Editor in 0.00 ms.
Mono: successfully reloaded assembly
- Completed reload, in  0.935 seconds
Platform modules already initialized, skipping
Refreshing native plugins compatible for Editor in 0.66 ms, found 2 plugins.
Preloading 0 native plugins for Editor in 0.00 ms.
Unloading 3367 Unused Serialized files (Serialized files now loaded: 0)
System memory in use before: 128.1 MB.
System memory in use after: 128.2 MB.

Unloading 17 unused Assets to reduce memory usage. Loaded Objects now: 3848.
Total: 2.478900 ms (FindLiveObjects: 0.284500 ms CreateObjectMapping: 0.194900 ms MarkObjects: 1.907700 ms  DeleteObjects: 0.090600 ms)

========================================================================
Received Prepare
Registering precompiled user dll's ...
Registered in 0.003125 seconds.
Begin MonoManager ReloadAssembly
Native extension for WindowsStandalone target not found
Refreshing native plugins compatible for Editor in 0.90 ms, found 2 plugins.
Preloading 0 native plugins for Editor in 0.00 ms.
Mono: successfully reloaded assembly
- Completed reload, in  0.936 seconds
Platform modules already initialized, skipping
Refreshing native plugins compatible for Editor in 0.57 ms, found 2 plugins.
Preloading 0 native plugins for Editor in 0.00 ms.
Unloading 3367 Unused Serialized files (Serialized files now loaded: 0)
System memory in use before: 128.1 MB.
System memory in use after: 128.2 MB.

Unloading 17 unused Assets to reduce memory usage. Loaded Objects now: 3852.
Total: 3.080900 ms (FindLiveObjects: 0.274500 ms CreateObjectMapping: 0.215000 ms MarkObjects: 2.486800 ms  DeleteObjects: 0.103300 ms)

========================================================================
Received Import Request.
  Time since last request: 328.910674 seconds.
  path: Assets/Monster.cs
  artifactKey: Guid(e0e8172954589ec48bb60f32f240b2fd) Importer(815301076,1909f56bfc062723c751e8b465ee728b)
Start importing Assets/Monster.cs using Guid(e0e8172954589ec48bb60f32f240b2fd) Importer(815301076,1909f56bfc062723c751e8b465ee728b)  -> (artifact id: 'c56a226bc1c94884eef9d29aaf0ddbe2') in 0.007082 seconds 
========================================================================
Received Import Request.
  Time since last request: 126.091452 seconds.
  path: Assets/Card.cs
  artifactKey: Guid(11ca01204b14b8d49811dfd9b09651a0) Importer(815301076,1909f56bfc062723c751e8b465ee728b)
Start importing Assets/Card.cs using Guid(11ca01204b14b8d49811dfd9b09651a0) Importer(815301076,1909f56bfc062723c751e8b465ee728b)  -> (artifact id: 'c3ceb256063b4bbe939035c2f4260c4d') in 0.002769 seconds 
========================================================================
Received Import Request.
  Time since last request: 21.241361 seconds.
  path: Assets/CardDisplay.cs
  artifactKey: Guid(3addcb7415f20a94295cf5f47ab27da5) Importer(815301076,1909f56bfc062723c751e8b465ee728b)
Start importing Assets/CardDisplay.cs using Guid(3addcb7415f20a94295cf5f47ab27da5) Importer(815301076,1909f56bfc062723c751e8b465ee728b)  -> (artifact id: '22051cee1aead3f78787b7bbfa1afc37') in 0.008943 seconds 
========================================================================
Received Prepare
Registering precompiled user dll's ...
Registered in 0.003920 seconds.
Begin MonoManager ReloadAssembly
Native extension for WindowsStandalone target not found
Refreshing native plugins compatible for Editor in 0.56 ms, found 2 plugins.
Preloading 0 native plugins for Editor in 0.00 ms.
Mono: successfully reloaded assembly
- Completed reload, in  0.936 seconds
Platform modules already initialized, skipping
Refreshing native plugins compatible for Editor in 0.56 ms, found 2 plugins.
Preloading 0 native plugins for Editor in 0.00 ms.
Unloading 3368 Unused Serialized files (Serialized files now loaded: 0)
System memory in use before: 128.1 MB.
System memory in use after: 128.2 MB.

Unloading 17 unused Assets to reduce memory usage. Loaded Objects now: 3857.
Total: 2.341100 ms (FindLiveObjects: 0.264900 ms CreateObjectMapping: 0.160300 ms MarkObjects: 1.807400 ms  DeleteObjects: 0.107700 ms)

========================================================================
Received Import Request.
  Time since last request: 23.942195 seconds.
  path: Assets/CardDisplay.cs
  artifactKey: Guid(3addcb7415f20a94295cf5f47ab27da5) Importer(815301076,1909f56bfc062723c751e8b465ee728b)
Start importing Assets/CardDisplay.cs using Guid(3addcb7415f20a94295cf5f47ab27da5) Importer(815301076,1909f56bfc062723c751e8b465ee728b)  -> (artifact id: '0e434e1299cfc2138d185057b4c947ab') in 0.005903 seconds 
========================================================================
Received Prepare
Registering precompiled user dll's ...
Registered in 0.004539 seconds.
Begin MonoManager ReloadAssembly
Native extension for WindowsStandalone target not found
Refreshing native plugins compatible for Editor in 0.56 ms, found 2 plugins.
Preloading 0 native plugins for Editor in 0.00 ms.
Mono: successfully reloaded assembly
- Completed reload, in  0.888 seconds
Platform modules already initialized, skipping
Refreshing native plugins compatible for Editor in 0.55 ms, found 2 plugins.
Preloading 0 native plugins for Editor in 0.00 ms.
Unloading 3368 Unused Serialized files (Serialized files now loaded: 0)
System memory in use before: 128.2 MB.
System memory in use after: 128.3 MB.

Unloading 17 unused Assets to reduce memory usage. Loaded Objects now: 3861.
Total: 2.446100 ms (FindLiveObjects: 0.272800 ms CreateObjectMapping: 0.157200 ms MarkObjects: 1.897100 ms  DeleteObjects: 0.118400 ms)

